  [1m[36m (1.6ms)[0m  [1mCREATE TABLE "schema_migrations" ("version" varchar NOT NULL) [0m
  [1m[35m (0.5ms)[0m  select sqlite_version(*)
  [1m[36m (2.3ms)[0m  [1mCREATE UNIQUE INDEX "unique_schema_migrations" ON "schema_migrations" ("version")[0m
  [1m[35mActiveRecord::SchemaMigration Load (0.1ms)[0m  SELECT "schema_migrations".* FROM "schema_migrations"
Migrating to DeviseCreateUsers (20160302174441)
  [1m[36m (0.1ms)[0m  [1mbegin transaction[0m
  [1m[35m (0.7ms)[0m  CREATE TABLE "users" ("id" INTEGER PRIMARY KEY AUTOINCREMENT NOT NULL, "email" varchar DEFAULT '' NOT NULL, "encrypted_password" varchar DEFAULT '' NOT NULL, "reset_password_token" varchar, "reset_password_sent_at" datetime, "remember_created_at" datetime, "sign_in_count" integer DEFAULT 0 NOT NULL, "current_sign_in_at" datetime, "last_sign_in_at" datetime, "current_sign_in_ip" varchar, "last_sign_in_ip" varchar, "created_at" datetime NOT NULL, "updated_at" datetime NOT NULL) 
  [1m[36m (0.6ms)[0m  [1mCREATE UNIQUE INDEX "index_users_on_email" ON "users" ("email")[0m
  [1m[35m (0.2ms)[0m              SELECT sql
            FROM sqlite_master
            WHERE name='index_users_on_email' AND type='index'
            UNION ALL
            SELECT sql
            FROM sqlite_temp_master
            WHERE name='index_users_on_email' AND type='index'

  [1m[36m (0.2ms)[0m  [1mCREATE UNIQUE INDEX "index_users_on_reset_password_token" ON "users" ("reset_password_token")[0m
  [1m[35mSQL (0.2ms)[0m  INSERT INTO "schema_migrations" ("version") VALUES (?)  [["version", "20160302174441"]]
  [1m[36m (2.8ms)[0m  [1mcommit transaction[0m
  [1m[35mActiveRecord::SchemaMigration Load (0.2ms)[0m  SELECT "schema_migrations".* FROM "schema_migrations"
  [1m[36m (0.3ms)[0m  [1m            SELECT sql
            FROM sqlite_master
            WHERE name='index_users_on_reset_password_token' AND type='index'
            UNION ALL
            SELECT sql
            FROM sqlite_temp_master
            WHERE name='index_users_on_reset_password_token' AND type='index'
[0m
  [1m[35m (0.1ms)[0m              SELECT sql
            FROM sqlite_master
            WHERE name='index_users_on_email' AND type='index'
            UNION ALL
            SELECT sql
            FROM sqlite_temp_master
            WHERE name='index_users_on_email' AND type='index'



Started GET "/users/sign_up" for ::1 at 2016-03-02 12:47:51 -0500
  [1m[36mActiveRecord::SchemaMigration Load (0.6ms)[0m  [1mSELECT "schema_migrations".* FROM "schema_migrations"[0m
Processing by Devise::RegistrationsController#new as HTML
  Rendered /Users/admin/.rvm/gems/ruby-2.2.1/gems/devise-3.5.6/app/views/devise/shared/_links.html.erb (7.7ms)
  Rendered /Users/admin/.rvm/gems/ruby-2.2.1/gems/devise-3.5.6/app/views/devise/registrations/new.html.erb within layouts/application (220.7ms)
Completed 200 OK in 3170ms (Views: 3109.3ms | ActiveRecord: 0.6ms)


Started GET "/assets/application.self-e80e8f2318043e8af94dddc2adad5a4f09739a8ebb323b3ab31cd71d45fd9113.css?body=1" for ::1 at 2016-03-02 12:47:55 -0500


Started GET "/assets/application.self-3b8dabdc891efe46b9a144b400ad69e37d7e5876bdc39dee783419a69d7ca819.js?body=1" for ::1 at 2016-03-02 12:47:55 -0500


Started GET "/users/sign_up" for ::1 at 2016-03-02 12:57:48 -0500
Processing by Devise::RegistrationsController#new as HTML
  Rendered /Users/admin/.rvm/gems/ruby-2.2.1/gems/devise-3.5.6/app/views/devise/shared/_links.html.erb (5.2ms)
  Rendered /Users/admin/.rvm/gems/ruby-2.2.1/gems/devise-3.5.6/app/views/devise/registrations/new.html.erb within layouts/application (84.6ms)
Completed 200 OK in 293ms (Views: 256.9ms | ActiveRecord: 0.0ms)


Started POST "/users" for ::1 at 2016-03-02 13:16:05 -0500
  [1m[36mActiveRecord::SchemaMigration Load (20.2ms)[0m  [1mSELECT "schema_migrations".* FROM "schema_migrations"[0m
Processing by Devise::RegistrationsController#create as HTML
  Parameters: {"utf8"=>"✓", "authenticity_token"=>"gI1/MxPNSL95g9oPmBvgFRLgELQxJZH/YKeoseta+IPoGobWa4MPksBJIxANuoy3NwC2Nk3DsEXQJHLmCjn7NA==", "user"=>{"email"=>"ekeast328@gmail.com", "password"=>"[FILTERED]", "password_confirmation"=>"[FILTERED]"}, "commit"=>"Sign up"}
  [1m[35m (0.1ms)[0m  begin transaction
  [1m[36mUser Exists (11.5ms)[0m  [1mSELECT  1 AS one FROM "users" WHERE "users"."email" = 'ekeast328@gmail.com' LIMIT 1[0m
  [1m[35mSQL (18.7ms)[0m  INSERT INTO "users" ("email", "encrypted_password", "created_at", "updated_at") VALUES (?, ?, ?, ?)  [["email", "ekeast328@gmail.com"], ["encrypted_password", "$2a$10$1.YTawyb0dv4uS0fK80/yO2q0BJ0ldcE4G7s1SbU.VYBwZTxOEOtq"], ["created_at", "2016-03-02 18:16:06.933111"], ["updated_at", "2016-03-02 18:16:06.933111"]]
  [1m[36m (1.7ms)[0m  [1mcommit transaction[0m
  [1m[35m (0.1ms)[0m  begin transaction
  [1m[36mSQL (0.9ms)[0m  [1mUPDATE "users" SET "last_sign_in_at" = ?, "current_sign_in_at" = ?, "last_sign_in_ip" = ?, "current_sign_in_ip" = ?, "sign_in_count" = ?, "updated_at" = ? WHERE "users"."id" = ?[0m  [["last_sign_in_at", "2016-03-02 18:16:07.092711"], ["current_sign_in_at", "2016-03-02 18:16:07.092711"], ["last_sign_in_ip", "::1"], ["current_sign_in_ip", "::1"], ["sign_in_count", 1], ["updated_at", "2016-03-02 18:16:07.094387"], ["id", 1]]
  [1m[35m (4.2ms)[0m  commit transaction
Redirected to http://localhost:3000/
Completed 302 Found in 731ms (ActiveRecord: 37.8ms)


Started GET "/" for ::1 at 2016-03-02 13:16:07 -0500
Processing by Rails::WelcomeController#index as HTML
  Rendered /Users/admin/.rvm/gems/ruby-2.2.1/gems/railties-4.2.5/lib/rails/templates/rails/welcome/index.html.erb (23.0ms)
Completed 200 OK in 33ms (Views: 31.9ms | ActiveRecord: 0.0ms)


Started GET "/" for ::1 at 2016-03-02 13:16:56 -0500
Processing by Rails::WelcomeController#index as HTML
  Rendered /Users/admin/.rvm/gems/ruby-2.2.1/gems/railties-4.2.5/lib/rails/templates/rails/welcome/index.html.erb (0.5ms)
Completed 200 OK in 36ms (Views: 26.4ms | ActiveRecord: 0.0ms)


Started GET "/" for ::1 at 2016-03-02 13:17:00 -0500
Processing by Rails::WelcomeController#index as HTML
  Rendered /Users/admin/.rvm/gems/ruby-2.2.1/gems/railties-4.2.5/lib/rails/templates/rails/welcome/index.html.erb (0.1ms)
Completed 200 OK in 5ms (Views: 2.8ms | ActiveRecord: 0.0ms)


Started GET "/users/sign_in" for ::1 at 2016-03-02 13:17:09 -0500
Processing by Devise::SessionsController#new as HTML
  [1m[36mUser Load (0.5ms)[0m  [1mSELECT  "users".* FROM "users" WHERE "users"."id" = ?  ORDER BY "users"."id" ASC LIMIT 1[0m  [["id", 1]]
Redirected to http://localhost:3000/
Filter chain halted as :require_no_authentication rendered or redirected
Completed 302 Found in 7ms (ActiveRecord: 0.5ms)


Started GET "/" for ::1 at 2016-03-02 13:17:09 -0500
Processing by Rails::WelcomeController#index as HTML
  Rendered /Users/admin/.rvm/gems/ruby-2.2.1/gems/railties-4.2.5/lib/rails/templates/rails/welcome/index.html.erb (2.0ms)
Completed 200 OK in 50ms (Views: 49.2ms | ActiveRecord: 0.0ms)


Started GET "/users/sign_in" for ::1 at 2016-03-02 13:17:09 -0500
Processing by Devise::SessionsController#new as HTML
  [1m[35mUser Load (0.1ms)[0m  SELECT  "users".* FROM "users" WHERE "users"."id" = ?  ORDER BY "users"."id" ASC LIMIT 1  [["id", 1]]
Redirected to http://localhost:3000/
Filter chain halted as :require_no_authentication rendered or redirected
Completed 302 Found in 2ms (ActiveRecord: 0.1ms)


Started GET "/" for ::1 at 2016-03-02 13:17:09 -0500
Processing by Rails::WelcomeController#index as HTML
  Rendered /Users/admin/.rvm/gems/ruby-2.2.1/gems/railties-4.2.5/lib/rails/templates/rails/welcome/index.html.erb (0.1ms)
Completed 200 OK in 3ms (Views: 2.8ms | ActiveRecord: 0.0ms)


Started GET "/" for ::1 at 2016-03-02 13:18:21 -0500
Processing by Rails::WelcomeController#index as HTML
  Rendered /Users/admin/.rvm/gems/ruby-2.2.1/gems/railties-4.2.5/lib/rails/templates/rails/welcome/index.html.erb (0.4ms)
Completed 200 OK in 33ms (Views: 27.3ms | ActiveRecord: 0.0ms)


Started GET "/users/sign_up" for ::1 at 2016-03-02 13:24:29 -0500
Processing by Devise::RegistrationsController#new as HTML
  [1m[36mUser Load (18.6ms)[0m  [1mSELECT  "users".* FROM "users" WHERE "users"."id" = ?  ORDER BY "users"."id" ASC LIMIT 1[0m  [["id", 1]]
Redirected to http://localhost:3000/
Filter chain halted as :require_no_authentication rendered or redirected
Completed 302 Found in 46ms (ActiveRecord: 18.6ms)


Started GET "/" for ::1 at 2016-03-02 13:24:29 -0500
Processing by Rails::WelcomeController#index as HTML
  Rendered /Users/admin/.rvm/gems/ruby-2.2.1/gems/railties-4.2.5/lib/rails/templates/rails/welcome/index.html.erb (0.4ms)
Completed 200 OK in 23ms (Views: 21.4ms | ActiveRecord: 0.0ms)


Started GET "/" for ::1 at 2016-03-02 13:25:15 -0500
Processing by Rails::WelcomeController#index as HTML
  Rendered /Users/admin/.rvm/gems/ruby-2.2.1/gems/railties-4.2.5/lib/rails/templates/rails/welcome/index.html.erb (0.1ms)
Completed 200 OK in 16ms (Views: 15.4ms | ActiveRecord: 0.0ms)


Started GET "/users/sign_up" for ::1 at 2016-03-02 13:26:55 -0500
Processing by Devise::RegistrationsController#new as HTML
  [1m[35mUser Load (17.1ms)[0m  SELECT  "users".* FROM "users" WHERE "users"."id" = ?  ORDER BY "users"."id" ASC LIMIT 1  [["id", 1]]
Redirected to http://localhost:3000/
Filter chain halted as :require_no_authentication rendered or redirected
Completed 302 Found in 51ms (ActiveRecord: 17.1ms)


Started GET "/" for ::1 at 2016-03-02 13:26:55 -0500
Processing by Rails::WelcomeController#index as HTML
  Rendered /Users/admin/.rvm/gems/ruby-2.2.1/gems/railties-4.2.5/lib/rails/templates/rails/welcome/index.html.erb (0.3ms)
Completed 200 OK in 18ms (Views: 16.3ms | ActiveRecord: 0.0ms)


Started GET "/" for ::1 at 2016-03-02 13:27:17 -0500
Processing by Rails::WelcomeController#index as HTML
  Rendered /Users/admin/.rvm/gems/ruby-2.2.1/gems/railties-4.2.5/lib/rails/templates/rails/welcome/index.html.erb (0.1ms)
Completed 200 OK in 14ms (Views: 13.5ms | ActiveRecord: 0.0ms)


Started GET "/users/sign_up" for ::1 at 2016-03-02 13:27:43 -0500
Processing by Devise::RegistrationsController#new as HTML
  [1m[36mUser Load (6.8ms)[0m  [1mSELECT  "users".* FROM "users" WHERE "users"."id" = ?  ORDER BY "users"."id" ASC LIMIT 1[0m  [["id", 1]]
Redirected to http://localhost:3000/
Filter chain halted as :require_no_authentication rendered or redirected
Completed 302 Found in 11ms (ActiveRecord: 6.8ms)


Started GET "/" for ::1 at 2016-03-02 13:27:43 -0500
Processing by Rails::WelcomeController#index as HTML
  Rendered /Users/admin/.rvm/gems/ruby-2.2.1/gems/railties-4.2.5/lib/rails/templates/rails/welcome/index.html.erb (0.1ms)
Completed 200 OK in 15ms (Views: 14.0ms | ActiveRecord: 0.0ms)


Started GET "/users/sign_up" for ::1 at 2016-03-02 13:28:10 -0500
Processing by Devise::RegistrationsController#new as HTML
  [1m[35mUser Load (8.2ms)[0m  SELECT  "users".* FROM "users" WHERE "users"."id" = ?  ORDER BY "users"."id" ASC LIMIT 1  [["id", 1]]
Redirected to http://localhost:3000/
Filter chain halted as :require_no_authentication rendered or redirected
Completed 302 Found in 11ms (ActiveRecord: 8.2ms)


Started GET "/" for ::1 at 2016-03-02 13:28:10 -0500
Processing by Rails::WelcomeController#index as HTML
  Rendered /Users/admin/.rvm/gems/ruby-2.2.1/gems/railties-4.2.5/lib/rails/templates/rails/welcome/index.html.erb (0.1ms)
Completed 200 OK in 18ms (Views: 17.0ms | ActiveRecord: 0.0ms)


Started GET "/" for ::1 at 2016-03-02 13:31:09 -0500
  [1m[36mActiveRecord::SchemaMigration Load (0.6ms)[0m  [1mSELECT "schema_migrations".* FROM "schema_migrations"[0m
Processing by Rails::WelcomeController#index as HTML
  Rendered /Users/admin/.rvm/gems/ruby-2.2.1/gems/railties-4.2.5/lib/rails/templates/rails/welcome/index.html.erb (3.4ms)
Completed 200 OK in 89ms (Views: 64.3ms | ActiveRecord: 0.0ms)


Started GET "/users/sign_up" for ::1 at 2016-03-02 13:31:28 -0500
Processing by Devise::RegistrationsController#new as HTML
  [1m[35mUser Load (13.8ms)[0m  SELECT  "users".* FROM "users" WHERE "users"."id" = ?  ORDER BY "users"."id" ASC LIMIT 1  [["id", 1]]
Redirected to http://localhost:3000/
Filter chain halted as :require_no_authentication rendered or redirected
Completed 302 Found in 209ms (ActiveRecord: 14.4ms)


Started GET "/" for ::1 at 2016-03-02 13:31:29 -0500
Processing by Rails::WelcomeController#index as HTML
  Rendered /Users/admin/.rvm/gems/ruby-2.2.1/gems/railties-4.2.5/lib/rails/templates/rails/welcome/index.html.erb (0.1ms)
Completed 200 OK in 19ms (Views: 18.7ms | ActiveRecord: 0.0ms)
  [1m[36mActiveRecord::SchemaMigration Load (11.7ms)[0m  [1mSELECT "schema_migrations".* FROM "schema_migrations"[0m
  [1m[35mActiveRecord::SchemaMigration Load (0.1ms)[0m  SELECT "schema_migrations".* FROM "schema_migrations"
  [1m[36m (0.2ms)[0m  [1m            SELECT sql
            FROM sqlite_master
            WHERE name='index_users_on_reset_password_token' AND type='index'
            UNION ALL
            SELECT sql
            FROM sqlite_temp_master
            WHERE name='index_users_on_reset_password_token' AND type='index'
[0m
  [1m[35m (0.1ms)[0m              SELECT sql
            FROM sqlite_master
            WHERE name='index_users_on_email' AND type='index'
            UNION ALL
            SELECT sql
            FROM sqlite_temp_master
            WHERE name='index_users_on_email' AND type='index'



Started GET "/" for ::1 at 2016-03-02 13:56:16 -0500
  [1m[36mActiveRecord::SchemaMigration Load (17.9ms)[0m  [1mSELECT "schema_migrations".* FROM "schema_migrations"[0m
Processing by Rails::WelcomeController#index as HTML
  Rendered /Users/admin/.rvm/gems/ruby-2.2.1/gems/railties-4.2.5/lib/rails/templates/rails/welcome/index.html.erb (4.9ms)
Completed 200 OK in 86ms (Views: 52.5ms | ActiveRecord: 0.0ms)


Started GET "/" for ::1 at 2016-03-02 14:08:05 -0500
  [1m[36mActiveRecord::SchemaMigration Load (0.8ms)[0m  [1mSELECT "schema_migrations".* FROM "schema_migrations"[0m
Processing by Rails::WelcomeController#index as HTML
  Rendered /Users/admin/.rvm/gems/ruby-2.2.1/gems/railties-4.2.5/lib/rails/templates/rails/welcome/index.html.erb (4.1ms)
Completed 200 OK in 198ms (Views: 96.8ms | ActiveRecord: 0.0ms)


Started GET "/" for ::1 at 2016-03-02 14:08:06 -0500
Processing by Rails::WelcomeController#index as HTML
  Rendered /Users/admin/.rvm/gems/ruby-2.2.1/gems/railties-4.2.5/lib/rails/templates/rails/welcome/index.html.erb (0.1ms)
Completed 200 OK in 6ms (Views: 4.3ms | ActiveRecord: 0.0ms)


Started GET "/" for ::1 at 2016-03-02 14:16:20 -0500
  [1m[36mActiveRecord::SchemaMigration Load (0.6ms)[0m  [1mSELECT "schema_migrations".* FROM "schema_migrations"[0m
Processing by WelcomeController#index as HTML
  Rendered welcome/index.html.erb within layouts/application (44.2ms)
Completed 500 Internal Server Error in 169ms (ActiveRecord: 0.0ms)

ActionView::Template::Error (wrong number of arguments (0 for 1+)):
    3:   <h1>Bloccit</h1>
    4:   <p>Bloccit is a resource for sharing links with your friends!</p>
    5:   <p>
    6:     <%= link_to "Sign In", new_session_path %> or
    7:     <%= link_to "Sign Up", new_user_path, class: 'btn btn-primary' %> today!
    8:   </p>
    9: </div>
  app/views/welcome/index.html.erb:6:in `_app_views_welcome_index_html_erb__4015210362068677627_70344261275840'


  Rendered /Users/admin/.rvm/gems/ruby-2.2.1/gems/actionpack-4.2.5/lib/action_dispatch/middleware/templates/rescues/_source.erb (12.4ms)
  Rendered /Users/admin/.rvm/gems/ruby-2.2.1/gems/actionpack-4.2.5/lib/action_dispatch/middleware/templates/rescues/_trace.html.erb (5.0ms)
  Rendered /Users/admin/.rvm/gems/ruby-2.2.1/gems/actionpack-4.2.5/lib/action_dispatch/middleware/templates/rescues/_request_and_response.html.erb (2.2ms)
  Rendered /Users/admin/.rvm/gems/ruby-2.2.1/gems/actionpack-4.2.5/lib/action_dispatch/middleware/templates/rescues/template_error.html.erb within rescues/layout (126.3ms)


Started GET "/" for ::1 at 2016-03-02 14:17:05 -0500
Processing by WelcomeController#index as HTML
  Rendered welcome/index.html.erb within layouts/application (3.4ms)
Completed 200 OK in 964ms (Views: 944.6ms | ActiveRecord: 0.0ms)


Started GET "/assets/application.self-e80e8f2318043e8af94dddc2adad5a4f09739a8ebb323b3ab31cd71d45fd9113.css?body=1" for ::1 at 2016-03-02 14:17:06 -0500


Started GET "/assets/application.self-3b8dabdc891efe46b9a144b400ad69e37d7e5876bdc39dee783419a69d7ca819.js?body=1" for ::1 at 2016-03-02 14:17:06 -0500


Started GET "/assets/turbolinks.self-c37727e9bd6b2735da5c311aa83fead54ed0be6cc8bd9a65309e9c5abe2cbfff.js?body=1" for ::1 at 2016-03-02 14:17:06 -0500


Started GET "/assets/jquery_ujs.self-d602bdfe68ffc63b9f9cc512872aa3cfff046228a0a36e90dd476e8ef54c1b09.js?body=1" for ::1 at 2016-03-02 14:17:06 -0500


Started GET "/assets/jquery.self-c64a74367bda6ef8b860f19e74df08927ca99d2be2ac934e9e92d5fd361e0da4.js?body=1" for ::1 at 2016-03-02 14:17:06 -0500
